Using pre-set license
Built from '2020.3/release' branch; Version is '2020.3.2f1 (8fd9074bf66c) revision 9427207'; Using compiler version '192528614'; Build Type 'Release'
OS: 'Windows 10 Pro; OS build 19043.1466; Version 2009; 64bit' Language: 'en' Physical Memory: 65206 MB
BatchMode: 1, IsHumanControllingUs: 0, StartBugReporterOnCrash: 0, Is64bit: 1, IsPro: 0

 COMMAND LINE ARGUMENTS:
C:\Program Files\Unity\Hub\Editor\2020.3.2f1\Editor\Unity.exe
-adb2
-batchMode
-noUpm
-name
AssetImportWorker5
-projectPath
D:/Mark/Projects/URP_RPG_Shooter
-logFile
Logs/AssetImportWorker5.log
-srvPort
60491
Successfully changed project path to: D:/Mark/Projects/URP_RPG_Shooter
D:/Mark/Projects/URP_RPG_Shooter
Using Asset Import Pipeline V2.
Refreshing native plugins compatible for Editor in 457.91 ms, found 0 plugins.
Preloading 0 native plugins for Editor in 0.00 ms.
Initialize engine version: 2020.3.2f1 (8fd9074bf66c)
[Subsystems] Discovering subsystems at path C:/Program Files/Unity/Hub/Editor/2020.3.2f1/Editor/Data/Resources/UnitySubsystems
[Subsystems] Discovering subsystems at path D:/Mark/Projects/URP_RPG_Shooter/Assets
GfxDevice: creating device client; threaded=0
Direct3D:
    Version:  Direct3D 11.0 [level 11.1]
    Renderer: NVIDIA GeForce GTX 1080 Ti (ID=0x1b06)
    Vendor:   
    VRAM:     11127 MB
    Driver:   30.0.14.9729
Initialize mono
Mono path[0] = 'C:/Program Files/Unity/Hub/Editor/2020.3.2f1/Editor/Data/Managed'
Mono path[1] = 'C:/Program Files/Unity/Hub/Editor/2020.3.2f1/Editor/Data/MonoBleedingEdge/lib/mono/unityjit'
Mono config path = 'C:/Program Files/Unity/Hub/Editor/2020.3.2f1/Editor/Data/MonoBleedingEdge/etc'
Using monoOptions --debugger-agent=transport=dt_socket,embedding=1,server=y,suspend=n,address=127.0.0.1:56840
Begin MonoManager ReloadAssembly
Registering precompiled unity dll's ...
Register platform support module: C:/Program Files/Unity/Hub/Editor/2020.3.2f1/Editor/Data/PlaybackEngines/WindowsStandaloneSupport/UnityEditor.WindowsStandalone.Extensions.dll
Registered in 0.008019 seconds.
Native extension for WindowsStandalone target not found
Refreshing native plugins compatible for Editor in 125.25 ms, found 0 plugins.
Preloading 0 native plugins for Editor in 0.00 ms.
Invoked RoslynAnalysisRunner static constructor.
RoslynAnalysisRunner will not be running.
RoslynAnalysisRunner has terminated.
Mono: successfully reloaded assembly
- Completed reload, in  6.579 seconds
Platform modules already initialized, skipping
Registering precompiled user dll's ...
Registered in 0.005821 seconds.
Begin MonoManager ReloadAssembly
Native extension for WindowsStandalone target not found
Refreshing native plugins compatible for Editor in 152.79 ms, found 0 plugins.
Preloading 0 native plugins for Editor in 0.00 ms.
Invoked RoslynAnalysisRunner static constructor.
RoslynAnalysisRunner will not be running.
RoslynAnalysisRunner has terminated.
Mono: successfully reloaded assembly
- Completed reload, in  4.089 seconds
Platform modules already initialized, skipping
========================================================================
Worker process is ready to serve import requests
Shader 'Universal Render Pipeline/Particles/Lit': fallback shader 'Universal Render Pipeline/Particles/SimpleLit' not found
Shader 'Universal Render Pipeline/Particles/Lit': fallback shader 'Universal Render Pipeline/Particles/SimpleLit' not found
Launched and connected shader compiler UnityShaderCompiler.exe after 0.06 seconds
Refreshing native plugins compatible for Editor in 1.55 ms, found 0 plugins.
Preloading 0 native plugins for Editor in 0.00 ms.
Unloading 2888 Unused Serialized files (Serialized files now loaded: 0)
System memory in use before: 132.1 MB.
System memory in use after: 129.3 MB.

Unloading 52 unused Assets to reduce memory usage. Loaded Objects now: 3306.
Total: 7.034400 ms (FindLiveObjects: 0.535700 ms CreateObjectMapping: 0.226500 ms MarkObjects: 3.670900 ms  DeleteObjects: 2.599700 ms)

========================================================================
Received Import Request.
  path: Assets/__Scripts/AgentMovement.cs
  artifactKey: Guid(5d9087ecbb449324dbf584e273210413) Importer(815301076,1909f56bfc062723c751e8b465ee728b)
Start importing Assets/__Scripts/AgentMovement.cs using Guid(5d9087ecbb449324dbf584e273210413) Importer(815301076,1909f56bfc062723c751e8b465ee728b)  -> (artifact id: '94ebbe073255c26d7dcd22e9e8926b68') in 0.060398 seconds
  Import took 0.069436 seconds .

========================================================================
Received Prepare
Registering precompiled user dll's ...
Registered in 0.002721 seconds.
Begin MonoManager ReloadAssembly
Native extension for WindowsStandalone target not found
Refreshing native plugins compatible for Editor in 1.06 ms, found 0 plugins.
Preloading 0 native plugins for Editor in 0.00 ms.
Invoked RoslynAnalysisRunner static constructor.
RoslynAnalysisRunner will not be running.
RoslynAnalysisRunner has terminated.
Mono: successfully reloaded assembly
- Completed reload, in  1.700 seconds
Platform modules already initialized, skipping
Shader 'Universal Render Pipeline/Particles/Lit': fallback shader 'Universal Render Pipeline/Particles/SimpleLit' not found
Shader 'Universal Render Pipeline/Particles/Lit': fallback shader 'Universal Render Pipeline/Particles/SimpleLit' not found
Refreshing native plugins compatible for Editor in 1.87 ms, found 0 plugins.
Preloading 0 native plugins for Editor in 0.00 ms.
Unloading 2793 Unused Serialized files (Serialized files now loaded: 0)
System memory in use before: 126.7 MB.
System memory in use after: 123.9 MB.

Unloading 44 unused Assets to reduce memory usage. Loaded Objects now: 3309.
Total: 30.775700 ms (FindLiveObjects: 3.896500 ms CreateObjectMapping: 1.040600 ms MarkObjects: 20.159600 ms  DeleteObjects: 5.677600 ms)

========================================================================
Received Import Request.
  Time since last request: 293.754937 seconds.
  path: Assets/__Scripts/AgentMovement.cs
  artifactKey: Guid(5d9087ecbb449324dbf584e273210413) Importer(815301076,1909f56bfc062723c751e8b465ee728b)
Start importing Assets/__Scripts/AgentMovement.cs using Guid(5d9087ecbb449324dbf584e273210413) Importer(815301076,1909f56bfc062723c751e8b465ee728b)  -> (artifact id: 'bed337c6aeb5955297b74c726c4ed155') in 0.027682 seconds
  Import took 0.055534 seconds .

========================================================================
Received Prepare
Registering precompiled user dll's ...
Registered in 0.002942 seconds.
Begin MonoManager ReloadAssembly
Native extension for WindowsStandalone target not found
Refreshing native plugins compatible for Editor in 4.27 ms, found 0 plugins.
Preloading 0 native plugins for Editor in 0.00 ms.
Invoked RoslynAnalysisRunner static constructor.
RoslynAnalysisRunner will not be running.
RoslynAnalysisRunner has terminated.
Mono: successfully reloaded assembly
- Completed reload, in  2.295 seconds
Platform modules already initialized, skipping
Shader 'Universal Render Pipeline/Particles/Lit': fallback shader 'Universal Render Pipeline/Particles/SimpleLit' not found
Shader 'Universal Render Pipeline/Particles/Lit': fallback shader 'Universal Render Pipeline/Particles/SimpleLit' not found
Refreshing native plugins compatible for Editor in 6.36 ms, found 0 plugins.
Preloading 0 native plugins for Editor in 0.00 ms.
Unloading 2793 Unused Serialized files (Serialized files now loaded: 0)
System memory in use before: 126.7 MB.
System memory in use after: 124.0 MB.

Unloading 44 unused Assets to reduce memory usage. Loaded Objects now: 3312.
Total: 155.091700 ms (FindLiveObjects: 0.643600 ms CreateObjectMapping: 0.280100 ms MarkObjects: 147.047600 ms  DeleteObjects: 7.118000 ms)

========================================================================
Received Import Request.
  Time since last request: 67.222077 seconds.
  path: Assets/__Scripts/AgentMovement.cs
  artifactKey: Guid(5d9087ecbb449324dbf584e273210413) Importer(815301076,1909f56bfc062723c751e8b465ee728b)
Start importing Assets/__Scripts/AgentMovement.cs using Guid(5d9087ecbb449324dbf584e273210413) Importer(815301076,1909f56bfc062723c751e8b465ee728b)  -> (artifact id: 'b5d354b0eb25d5614c51b4ea637af8ab') in 0.025662 seconds
  Import took 0.045574 seconds .

========================================================================
Received Prepare
Registering precompiled user dll's ...
Registered in 0.005614 seconds.
Begin MonoManager ReloadAssembly
Native extension for WindowsStandalone target not found
Refreshing native plugins compatible for Editor in 5.40 ms, found 0 plugins.
Preloading 0 native plugins for Editor in 0.00 ms.
Invoked RoslynAnalysisRunner static constructor.
RoslynAnalysisRunner will not be running.
RoslynAnalysisRunner has terminated.
Mono: successfully reloaded assembly
- Completed reload, in  1.974 seconds
Platform modules already initialized, skipping
Shader 'Universal Render Pipeline/Particles/Lit': fallback shader 'Universal Render Pipeline/Particles/SimpleLit' not found
Shader 'Universal Render Pipeline/Particles/Lit': fallback shader 'Universal Render Pipeline/Particles/SimpleLit' not found
Refreshing native plugins compatible for Editor in 3.04 ms, found 0 plugins.
Preloading 0 native plugins for Editor in 0.00 ms.
Unloading 2793 Unused Serialized files (Serialized files now loaded: 0)
System memory in use before: 126.9 MB.
System memory in use after: 124.1 MB.

Unloading 44 unused Assets to reduce memory usage. Loaded Objects now: 3315.
Total: 122.535600 ms (FindLiveObjects: 77.028800 ms CreateObjectMapping: 22.682600 ms MarkObjects: 13.345300 ms  DeleteObjects: 9.477000 ms)

========================================================================
Received Import Request.
  Time since last request: 17.443935 seconds.
  path: Assets/__Scripts/AgentMovement.cs
  artifactKey: Guid(5d9087ecbb449324dbf584e273210413) Importer(815301076,1909f56bfc062723c751e8b465ee728b)
Start importing Assets/__Scripts/AgentMovement.cs using Guid(5d9087ecbb449324dbf584e273210413) Importer(815301076,1909f56bfc062723c751e8b465ee728b)  -> (artifact id: 'eb735d311062201a0fb15539fa32313d') in 0.028997 seconds
  Import took 0.075714 seconds .

========================================================================
Received Prepare
Registering precompiled user dll's ...
Registered in 0.002783 seconds.
Begin MonoManager ReloadAssembly
Native extension for WindowsStandalone target not found
Refreshing native plugins compatible for Editor in 1.03 ms, found 0 plugins.
Preloading 0 native plugins for Editor in 0.00 ms.
Invoked RoslynAnalysisRunner static constructor.
RoslynAnalysisRunner will not be running.
RoslynAnalysisRunner has terminated.
Mono: successfully reloaded assembly
- Completed reload, in  1.257 seconds
Platform modules already initialized, skipping
Shader 'Universal Render Pipeline/Particles/Lit': fallback shader 'Universal Render Pipeline/Particles/SimpleLit' not found
Shader 'Universal Render Pipeline/Particles/Lit': fallback shader 'Universal Render Pipeline/Particles/SimpleLit' not found
Refreshing native plugins compatible for Editor in 0.83 ms, found 0 plugins.
Preloading 0 native plugins for Editor in 0.00 ms.
Unloading 2793 Unused Serialized files (Serialized files now loaded: 0)
System memory in use before: 126.8 MB.
System memory in use after: 124.0 MB.

Unloading 44 unused Assets to reduce memory usage. Loaded Objects now: 3318.
Total: 7.306200 ms (FindLiveObjects: 0.468400 ms CreateObjectMapping: 0.218300 ms MarkObjects: 3.527200 ms  DeleteObjects: 3.091100 ms)

========================================================================
Received Import Request.
  Time since last request: 27.689444 seconds.
  path: Assets/__Scripts/AgentMovement.cs
  artifactKey: Guid(5d9087ecbb449324dbf584e273210413) Importer(815301076,1909f56bfc062723c751e8b465ee728b)
Start importing Assets/__Scripts/AgentMovement.cs using Guid(5d9087ecbb449324dbf584e273210413) Importer(815301076,1909f56bfc062723c751e8b465ee728b)  -> (artifact id: '9f67657ab6b82f90521fd00b28cfd92c') in 0.007125 seconds
  Import took 0.012003 seconds .

AssetImportWorkerClient::OnTransportError - code=2 error=End of file
